ARM GAS  C:\Users\Johan\AppData\Local\Temp\cc25Ye7j.s 			page 1


   1              		.cpu cortex-m4
   2              		.eabi_attribute 27, 1
   3              		.eabi_attribute 28, 1
   4              		.eabi_attribute 20, 1
   5              		.eabi_attribute 21, 1
   6              		.eabi_attribute 23, 3
   7              		.eabi_attribute 24, 1
   8              		.eabi_attribute 25, 1
   9              		.eabi_attribute 26, 1
  10              		.eabi_attribute 30, 1
  11              		.eabi_attribute 34, 1
  12              		.eabi_attribute 18, 4
  13              		.file	"main.cpp"
  14              		.text
  15              	.Ltext0:
  16              		.cfi_sections	.debug_frame
  17              		.section	.text.Error_Handler,"ax",%progbits
  18              		.align	1
  19              		.global	Error_Handler
  20              		.arch armv7e-m
  21              		.syntax unified
  22              		.thumb
  23              		.thumb_func
  24              		.fpu fpv4-sp-d16
  26              	Error_Handler:
  27              		.fnstart
  28              	.LFB132:
  29              		.file 1 "Core/Src/main.cpp"
   1:Core/Src/main.cpp **** /* USER CODE BEGIN Header */
   2:Core/Src/main.cpp **** /**
   3:Core/Src/main.cpp ****   ******************************************************************************
   4:Core/Src/main.cpp ****   * @file           : main.c
   5:Core/Src/main.cpp ****   * @brief          : Main program body
   6:Core/Src/main.cpp ****   ******************************************************************************
   7:Core/Src/main.cpp ****   * @attention
   8:Core/Src/main.cpp ****   *
   9:Core/Src/main.cpp ****   * <h2><center>&copy; Copyright (c) 2021 STMicroelectronics.
  10:Core/Src/main.cpp ****   * All rights reserved.</center></h2>
  11:Core/Src/main.cpp ****   *
  12:Core/Src/main.cpp ****   * This software component is licensed by ST under BSD 3-Clause license,
  13:Core/Src/main.cpp ****   * the "License"; You may not use this file except in compliance with the
  14:Core/Src/main.cpp ****   * License. You may obtain a copy of the License at:
  15:Core/Src/main.cpp ****   *                        opensource.org/licenses/BSD-3-Clause
  16:Core/Src/main.cpp ****   *
  17:Core/Src/main.cpp ****   ******************************************************************************
  18:Core/Src/main.cpp ****   */
  19:Core/Src/main.cpp ****   /* USER CODE END Header */
  20:Core/Src/main.cpp ****   /* Includes ------------------------------------------------------------------*/
  21:Core/Src/main.cpp **** #include "main.h"
  22:Core/Src/main.cpp **** #include "gpio.h"
  23:Core/Src/main.cpp **** 
  24:Core/Src/main.cpp **** /* Private includes ----------------------------------------------------------*/
  25:Core/Src/main.cpp **** /* USER CODE BEGIN Includes */
  26:Core/Src/main.cpp **** 
  27:Core/Src/main.cpp **** /* USER CODE END Includes */
  28:Core/Src/main.cpp **** 
  29:Core/Src/main.cpp **** /* Private typedef -----------------------------------------------------------*/
ARM GAS  C:\Users\Johan\AppData\Local\Temp\cc25Ye7j.s 			page 2


  30:Core/Src/main.cpp **** /* USER CODE BEGIN PTD */
  31:Core/Src/main.cpp **** 
  32:Core/Src/main.cpp **** /* USER CODE END PTD */
  33:Core/Src/main.cpp **** 
  34:Core/Src/main.cpp **** /* Private define ------------------------------------------------------------*/
  35:Core/Src/main.cpp **** /* USER CODE BEGIN PD */
  36:Core/Src/main.cpp **** /* USER CODE END PD */
  37:Core/Src/main.cpp **** 
  38:Core/Src/main.cpp **** /* Private macro -------------------------------------------------------------*/
  39:Core/Src/main.cpp **** /* USER CODE BEGIN PM */
  40:Core/Src/main.cpp **** 
  41:Core/Src/main.cpp **** /* USER CODE END PM */
  42:Core/Src/main.cpp **** 
  43:Core/Src/main.cpp **** /* Private variables ---------------------------------------------------------*/
  44:Core/Src/main.cpp **** 
  45:Core/Src/main.cpp **** /* USER CODE BEGIN PV */
  46:Core/Src/main.cpp **** 
  47:Core/Src/main.cpp **** /* USER CODE END PV */
  48:Core/Src/main.cpp **** 
  49:Core/Src/main.cpp **** /* Private function prototypes -----------------------------------------------*/
  50:Core/Src/main.cpp **** void SystemClock_Config(void);
  51:Core/Src/main.cpp **** /* USER CODE BEGIN PFP */
  52:Core/Src/main.cpp **** 
  53:Core/Src/main.cpp **** /* USER CODE END PFP */
  54:Core/Src/main.cpp **** 
  55:Core/Src/main.cpp **** /* Private user code ---------------------------------------------------------*/
  56:Core/Src/main.cpp **** /* USER CODE BEGIN 0 */
  57:Core/Src/main.cpp **** 
  58:Core/Src/main.cpp **** /* USER CODE END 0 */
  59:Core/Src/main.cpp **** 
  60:Core/Src/main.cpp **** /**
  61:Core/Src/main.cpp ****   * @brief  The application entry point.
  62:Core/Src/main.cpp ****   * @retval int
  63:Core/Src/main.cpp ****   */
  64:Core/Src/main.cpp **** int main(void)
  65:Core/Src/main.cpp **** {
  66:Core/Src/main.cpp ****     /* USER CODE BEGIN 1 */
  67:Core/Src/main.cpp **** 
  68:Core/Src/main.cpp ****     /* USER CODE END 1 */
  69:Core/Src/main.cpp **** 
  70:Core/Src/main.cpp ****     /* MCU Configuration--------------------------------------------------------*/
  71:Core/Src/main.cpp **** 
  72:Core/Src/main.cpp ****     /* Reset of all peripherals, Initializes the Flash interface and the Systick. */
  73:Core/Src/main.cpp ****     HAL_Init();
  74:Core/Src/main.cpp **** 
  75:Core/Src/main.cpp ****     /* USER CODE BEGIN Init */
  76:Core/Src/main.cpp **** 
  77:Core/Src/main.cpp ****     /* USER CODE END Init */
  78:Core/Src/main.cpp **** 
  79:Core/Src/main.cpp ****     /* Configure the system clock */
  80:Core/Src/main.cpp ****     SystemClock_Config();
  81:Core/Src/main.cpp **** 
  82:Core/Src/main.cpp ****     /* USER CODE BEGIN SysInit */
  83:Core/Src/main.cpp **** 
  84:Core/Src/main.cpp ****     /* USER CODE END SysInit */
  85:Core/Src/main.cpp **** 
  86:Core/Src/main.cpp ****     /* Initialize all configured peripherals */
ARM GAS  C:\Users\Johan\AppData\Local\Temp\cc25Ye7j.s 			page 3


  87:Core/Src/main.cpp ****     MX_GPIO_Init();
  88:Core/Src/main.cpp ****     /* USER CODE BEGIN 2 */
  89:Core/Src/main.cpp **** 
  90:Core/Src/main.cpp ****     /* USER CODE END 2 */
  91:Core/Src/main.cpp **** 
  92:Core/Src/main.cpp ****     /* Infinite loop */
  93:Core/Src/main.cpp ****     /* USER CODE BEGIN WHILE */
  94:Core/Src/main.cpp ****     while (1)
  95:Core/Src/main.cpp ****     {
  96:Core/Src/main.cpp ****         /* USER CODE END WHILE */
  97:Core/Src/main.cpp **** 
  98:Core/Src/main.cpp ****         /* USER CODE BEGIN 3 */
  99:Core/Src/main.cpp ****     }
 100:Core/Src/main.cpp ****     /* USER CODE END 3 */
 101:Core/Src/main.cpp **** }
 102:Core/Src/main.cpp **** 
 103:Core/Src/main.cpp **** /**
 104:Core/Src/main.cpp ****   * @brief System Clock Configuration
 105:Core/Src/main.cpp ****   * @retval None
 106:Core/Src/main.cpp ****   */
 107:Core/Src/main.cpp **** void SystemClock_Config(void)
 108:Core/Src/main.cpp **** {
 109:Core/Src/main.cpp ****     RCC_OscInitTypeDef RCC_OscInitStruct = { 0 };
 110:Core/Src/main.cpp ****     RCC_ClkInitTypeDef RCC_ClkInitStruct = { 0 };
 111:Core/Src/main.cpp **** 
 112:Core/Src/main.cpp ****     /** Configure the main internal regulator output voltage
 113:Core/Src/main.cpp ****     */
 114:Core/Src/main.cpp ****     __HAL_RCC_PWR_CLK_ENABLE();
 115:Core/Src/main.cpp ****     __HAL_PWR_VOLTAGESCALING_CONFIG(PWR_REGULATOR_VOLTAGE_SCALE1);
 116:Core/Src/main.cpp ****     /** Initializes the RCC Oscillators according to the specified parameters
 117:Core/Src/main.cpp ****     * in the RCC_OscInitTypeDef structure.
 118:Core/Src/main.cpp ****     */
 119:Core/Src/main.cpp ****     RCC_OscInitStruct.OscillatorType = RCC_OSCILLATORTYPE_HSE;
 120:Core/Src/main.cpp ****     RCC_OscInitStruct.HSEState = RCC_HSE_ON;
 121:Core/Src/main.cpp ****     RCC_OscInitStruct.PLL.PLLState = RCC_PLL_ON;
 122:Core/Src/main.cpp ****     RCC_OscInitStruct.PLL.PLLSource = RCC_PLLSOURCE_HSE;
 123:Core/Src/main.cpp ****     RCC_OscInitStruct.PLL.PLLM = 8;
 124:Core/Src/main.cpp ****     RCC_OscInitStruct.PLL.PLLN = 168;
 125:Core/Src/main.cpp ****     RCC_OscInitStruct.PLL.PLLP = RCC_PLLP_DIV2;
 126:Core/Src/main.cpp ****     RCC_OscInitStruct.PLL.PLLQ = 4;
 127:Core/Src/main.cpp ****     if (HAL_RCC_OscConfig(&RCC_OscInitStruct) != HAL_OK)
 128:Core/Src/main.cpp ****     {
 129:Core/Src/main.cpp ****         Error_Handler();
 130:Core/Src/main.cpp ****     }
 131:Core/Src/main.cpp ****     /** Initializes the CPU, AHB and APB buses clocks
 132:Core/Src/main.cpp ****     */
 133:Core/Src/main.cpp ****     RCC_ClkInitStruct.ClockType = RCC_CLOCKTYPE_HCLK | RCC_CLOCKTYPE_SYSCLK
 134:Core/Src/main.cpp ****         | RCC_CLOCKTYPE_PCLK1 | RCC_CLOCKTYPE_PCLK2;
 135:Core/Src/main.cpp ****     RCC_ClkInitStruct.SYSCLKSource = RCC_SYSCLKSOURCE_PLLCLK;
 136:Core/Src/main.cpp ****     RCC_ClkInitStruct.AHBCLKDivider = RCC_SYSCLK_DIV1;
 137:Core/Src/main.cpp ****     RCC_ClkInitStruct.APB1CLKDivider = RCC_HCLK_DIV4;
 138:Core/Src/main.cpp ****     RCC_ClkInitStruct.APB2CLKDivider = RCC_HCLK_DIV2;
 139:Core/Src/main.cpp **** 
 140:Core/Src/main.cpp ****     if (HAL_RCC_ClockConfig(&RCC_ClkInitStruct, FLASH_LATENCY_5) != HAL_OK)
 141:Core/Src/main.cpp ****     {
 142:Core/Src/main.cpp ****         Error_Handler();
 143:Core/Src/main.cpp ****     }
ARM GAS  C:\Users\Johan\AppData\Local\Temp\cc25Ye7j.s 			page 4


 144:Core/Src/main.cpp **** }
 145:Core/Src/main.cpp **** 
 146:Core/Src/main.cpp **** /* USER CODE BEGIN 4 */
 147:Core/Src/main.cpp **** 
 148:Core/Src/main.cpp **** /* USER CODE END 4 */
 149:Core/Src/main.cpp **** 
 150:Core/Src/main.cpp **** /**
 151:Core/Src/main.cpp ****   * @brief  This function is executed in case of error occurrence.
 152:Core/Src/main.cpp ****   * @retval None
 153:Core/Src/main.cpp ****   */
 154:Core/Src/main.cpp **** void Error_Handler(void)
 155:Core/Src/main.cpp **** {
  30              		.loc 1 155 1 view -0
  31              		.cfi_startproc
  32              		@ Volatile: function does not return.
  33              		@ args = 0, pretend = 0, frame = 0
  34              		@ frame_needed = 0, uses_anonymous_args = 0
  35              		@ link register save eliminated.
 156:Core/Src/main.cpp ****     /* USER CODE BEGIN Error_Handler_Debug */
 157:Core/Src/main.cpp ****       /* User can add his own implementation to report the HAL error return state */
 158:Core/Src/main.cpp ****     __disable_irq();
  36              		.loc 1 158 5 view .LVU1
  37              	.LBB4:
  38              	.LBI4:
  39              		.file 2 "Drivers/CMSIS/Include/cmsis_gcc.h"
   1:Drivers/CMSIS/Include/cmsis_gcc.h **** /**************************************************************************//**
   2:Drivers/CMSIS/Include/cmsis_gcc.h ****  * @file     cmsis_gcc.h
   3:Drivers/CMSIS/Include/cmsis_gcc.h ****  * @brief    CMSIS compiler GCC header file
   4:Drivers/CMSIS/Include/cmsis_gcc.h ****  * @version  V5.0.4
   5:Drivers/CMSIS/Include/cmsis_gcc.h ****  * @date     09. April 2018
   6:Drivers/CMSIS/Include/cmsis_gcc.h ****  ******************************************************************************/
   7:Drivers/CMSIS/Include/cmsis_gcc.h **** /*
   8:Drivers/CMSIS/Include/cmsis_gcc.h ****  * Copyright (c) 2009-2018 Arm Limited. All rights reserved.
   9:Drivers/CMSIS/Include/cmsis_gcc.h ****  *
  10:Drivers/CMSIS/Include/cmsis_gcc.h ****  * SPDX-License-Identifier: Apache-2.0
  11:Drivers/CMSIS/Include/cmsis_gcc.h ****  *
  12:Drivers/CMSIS/Include/cmsis_gcc.h ****  * Licensed under the Apache License, Version 2.0 (the License); you may
  13:Drivers/CMSIS/Include/cmsis_gcc.h ****  * not use this file except in compliance with the License.
  14:Drivers/CMSIS/Include/cmsis_gcc.h ****  * You may obtain a copy of the License at
  15:Drivers/CMSIS/Include/cmsis_gcc.h ****  *
  16:Drivers/CMSIS/Include/cmsis_gcc.h ****  * www.apache.org/licenses/LICENSE-2.0
  17:Drivers/CMSIS/Include/cmsis_gcc.h ****  *
  18:Drivers/CMSIS/Include/cmsis_gcc.h ****  * Unless required by applicable law or agreed to in writing, software
  19:Drivers/CMSIS/Include/cmsis_gcc.h ****  * distributed under the License is distributed on an AS IS BASIS, WITHOUT
  20:Drivers/CMSIS/Include/cmsis_gcc.h ****  * WARRANTIES OR CONDITIONS OF ANY KIND, either express or implied.
  21:Drivers/CMSIS/Include/cmsis_gcc.h ****  * See the License for the specific language governing permissions and
  22:Drivers/CMSIS/Include/cmsis_gcc.h ****  * limitations under the License.
  23:Drivers/CMSIS/Include/cmsis_gcc.h ****  */
  24:Drivers/CMSIS/Include/cmsis_gcc.h **** 
  25:Drivers/CMSIS/Include/cmsis_gcc.h **** #ifndef __CMSIS_GCC_H
  26:Drivers/CMSIS/Include/cmsis_gcc.h **** #define __CMSIS_GCC_H
  27:Drivers/CMSIS/Include/cmsis_gcc.h **** 
  28:Drivers/CMSIS/Include/cmsis_gcc.h **** /* ignore some GCC warnings */
  29:Drivers/CMSIS/Include/cmsis_gcc.h **** #pragma GCC diagnostic push
  30:Drivers/CMSIS/Include/cmsis_gcc.h **** #pragma GCC diagnostic ignored "-Wsign-conversion"
  31:Drivers/CMSIS/Include/cmsis_gcc.h **** #pragma GCC diagnostic ignored "-Wconversion"
  32:Drivers/CMSIS/Include/cmsis_gcc.h **** #pragma GCC diagnostic ignored "-Wunused-parameter"
ARM GAS  C:\Users\Johan\AppData\Local\Temp\cc25Ye7j.s 			page 5


  33:Drivers/CMSIS/Include/cmsis_gcc.h **** 
  34:Drivers/CMSIS/Include/cmsis_gcc.h **** /* Fallback for __has_builtin */
  35:Drivers/CMSIS/Include/cmsis_gcc.h **** #ifndef __has_builtin
  36:Drivers/CMSIS/Include/cmsis_gcc.h ****   #define __has_builtin(x) (0)
  37:Drivers/CMSIS/Include/cmsis_gcc.h **** #endif
  38:Drivers/CMSIS/Include/cmsis_gcc.h **** 
  39:Drivers/CMSIS/Include/cmsis_gcc.h **** /* CMSIS compiler specific defines */
  40:Drivers/CMSIS/Include/cmsis_gcc.h **** #ifndef   __ASM
  41:Drivers/CMSIS/Include/cmsis_gcc.h ****   #define __ASM                                  __asm
  42:Drivers/CMSIS/Include/cmsis_gcc.h **** #endif
  43:Drivers/CMSIS/Include/cmsis_gcc.h **** #ifndef   __INLINE
  44:Drivers/CMSIS/Include/cmsis_gcc.h ****   #define __INLINE                               inline
  45:Drivers/CMSIS/Include/cmsis_gcc.h **** #endif
  46:Drivers/CMSIS/Include/cmsis_gcc.h **** #ifndef   __STATIC_INLINE
  47:Drivers/CMSIS/Include/cmsis_gcc.h ****   #define __STATIC_INLINE                        static inline
  48:Drivers/CMSIS/Include/cmsis_gcc.h **** #endif
  49:Drivers/CMSIS/Include/cmsis_gcc.h **** #ifndef   __STATIC_FORCEINLINE                 
  50:Drivers/CMSIS/Include/cmsis_gcc.h ****   #define __STATIC_FORCEINLINE                   __attribute__((always_inline)) static inline
  51:Drivers/CMSIS/Include/cmsis_gcc.h **** #endif                                           
  52:Drivers/CMSIS/Include/cmsis_gcc.h **** #ifndef   __NO_RETURN
  53:Drivers/CMSIS/Include/cmsis_gcc.h ****   #define __NO_RETURN                            __attribute__((__noreturn__))
  54:Drivers/CMSIS/Include/cmsis_gcc.h **** #endif
  55:Drivers/CMSIS/Include/cmsis_gcc.h **** #ifndef   __USED
  56:Drivers/CMSIS/Include/cmsis_gcc.h ****   #define __USED                                 __attribute__((used))
  57:Drivers/CMSIS/Include/cmsis_gcc.h **** #endif
  58:Drivers/CMSIS/Include/cmsis_gcc.h **** #ifndef   __WEAK
  59:Drivers/CMSIS/Include/cmsis_gcc.h ****   #define __WEAK                                 __attribute__((weak))
  60:Drivers/CMSIS/Include/cmsis_gcc.h **** #endif
  61:Drivers/CMSIS/Include/cmsis_gcc.h **** #ifndef   __PACKED
  62:Drivers/CMSIS/Include/cmsis_gcc.h ****   #define __PACKED                               __attribute__((packed, aligned(1)))
  63:Drivers/CMSIS/Include/cmsis_gcc.h **** #endif
  64:Drivers/CMSIS/Include/cmsis_gcc.h **** #ifndef   __PACKED_STRUCT
  65:Drivers/CMSIS/Include/cmsis_gcc.h ****   #define __PACKED_STRUCT                        struct __attribute__((packed, aligned(1)))
  66:Drivers/CMSIS/Include/cmsis_gcc.h **** #endif
  67:Drivers/CMSIS/Include/cmsis_gcc.h **** #ifndef   __PACKED_UNION
  68:Drivers/CMSIS/Include/cmsis_gcc.h ****   #define __PACKED_UNION                         union __attribute__((packed, aligned(1)))
  69:Drivers/CMSIS/Include/cmsis_gcc.h **** #endif
  70:Drivers/CMSIS/Include/cmsis_gcc.h **** #ifndef   __UNALIGNED_UINT32        /* deprecated */
  71:Drivers/CMSIS/Include/cmsis_gcc.h ****   #pragma GCC diagnostic push
  72:Drivers/CMSIS/Include/cmsis_gcc.h ****   #pragma GCC diagnostic ignored "-Wpacked"
  73:Drivers/CMSIS/Include/cmsis_gcc.h ****   #pragma GCC diagnostic ignored "-Wattributes"
  74:Drivers/CMSIS/Include/cmsis_gcc.h ****   struct __attribute__((packed)) T_UINT32 { uint32_t v; };
  75:Drivers/CMSIS/Include/cmsis_gcc.h ****   #pragma GCC diagnostic pop
  76:Drivers/CMSIS/Include/cmsis_gcc.h ****   #define __UNALIGNED_UINT32(x)                  (((struct T_UINT32 *)(x))->v)
  77:Drivers/CMSIS/Include/cmsis_gcc.h **** #endif
  78:Drivers/CMSIS/Include/cmsis_gcc.h **** #ifndef   __UNALIGNED_UINT16_WRITE
  79:Drivers/CMSIS/Include/cmsis_gcc.h ****   #pragma GCC diagnostic push
  80:Drivers/CMSIS/Include/cmsis_gcc.h ****   #pragma GCC diagnostic ignored "-Wpacked"
  81:Drivers/CMSIS/Include/cmsis_gcc.h ****   #pragma GCC diagnostic ignored "-Wattributes"
  82:Drivers/CMSIS/Include/cmsis_gcc.h ****   __PACKED_STRUCT T_UINT16_WRITE { uint16_t v; };
  83:Drivers/CMSIS/Include/cmsis_gcc.h ****   #pragma GCC diagnostic pop
  84:Drivers/CMSIS/Include/cmsis_gcc.h ****   #define __UNALIGNED_UINT16_WRITE(addr, val)    (void)((((struct T_UINT16_WRITE *)(void *)(addr))-
  85:Drivers/CMSIS/Include/cmsis_gcc.h **** #endif
  86:Drivers/CMSIS/Include/cmsis_gcc.h **** #ifndef   __UNALIGNED_UINT16_READ
  87:Drivers/CMSIS/Include/cmsis_gcc.h ****   #pragma GCC diagnostic push
  88:Drivers/CMSIS/Include/cmsis_gcc.h ****   #pragma GCC diagnostic ignored "-Wpacked"
  89:Drivers/CMSIS/Include/cmsis_gcc.h ****   #pragma GCC diagnostic ignored "-Wattributes"
ARM GAS  C:\Users\Johan\AppData\Local\Temp\cc25Ye7j.s 			page 6


  90:Drivers/CMSIS/Include/cmsis_gcc.h ****   __PACKED_STRUCT T_UINT16_READ { uint16_t v; };
  91:Drivers/CMSIS/Include/cmsis_gcc.h ****   #pragma GCC diagnostic pop
  92:Drivers/CMSIS/Include/cmsis_gcc.h ****   #define __UNALIGNED_UINT16_READ(addr)          (((const struct T_UINT16_READ *)(const void *)(add
  93:Drivers/CMSIS/Include/cmsis_gcc.h **** #endif
  94:Drivers/CMSIS/Include/cmsis_gcc.h **** #ifndef   __UNALIGNED_UINT32_WRITE
  95:Drivers/CMSIS/Include/cmsis_gcc.h ****   #pragma GCC diagnostic push
  96:Drivers/CMSIS/Include/cmsis_gcc.h ****   #pragma GCC diagnostic ignored "-Wpacked"
  97:Drivers/CMSIS/Include/cmsis_gcc.h ****   #pragma GCC diagnostic ignored "-Wattributes"
  98:Drivers/CMSIS/Include/cmsis_gcc.h ****   __PACKED_STRUCT T_UINT32_WRITE { uint32_t v; };
  99:Drivers/CMSIS/Include/cmsis_gcc.h ****   #pragma GCC diagnostic pop
 100:Drivers/CMSIS/Include/cmsis_gcc.h ****   #define __UNALIGNED_UINT32_WRITE(addr, val)    (void)((((struct T_UINT32_WRITE *)(void *)(addr))-
 101:Drivers/CMSIS/Include/cmsis_gcc.h **** #endif
 102:Drivers/CMSIS/Include/cmsis_gcc.h **** #ifndef   __UNALIGNED_UINT32_READ
 103:Drivers/CMSIS/Include/cmsis_gcc.h ****   #pragma GCC diagnostic push
 104:Drivers/CMSIS/Include/cmsis_gcc.h ****   #pragma GCC diagnostic ignored "-Wpacked"
 105:Drivers/CMSIS/Include/cmsis_gcc.h ****   #pragma GCC diagnostic ignored "-Wattributes"
 106:Drivers/CMSIS/Include/cmsis_gcc.h ****   __PACKED_STRUCT T_UINT32_READ { uint32_t v; };
 107:Drivers/CMSIS/Include/cmsis_gcc.h ****   #pragma GCC diagnostic pop
 108:Drivers/CMSIS/Include/cmsis_gcc.h ****   #define __UNALIGNED_UINT32_READ(addr)          (((const struct T_UINT32_READ *)(const void *)(add
 109:Drivers/CMSIS/Include/cmsis_gcc.h **** #endif
 110:Drivers/CMSIS/Include/cmsis_gcc.h **** #ifndef   __ALIGNED
 111:Drivers/CMSIS/Include/cmsis_gcc.h ****   #define __ALIGNED(x)                           __attribute__((aligned(x)))
 112:Drivers/CMSIS/Include/cmsis_gcc.h **** #endif
 113:Drivers/CMSIS/Include/cmsis_gcc.h **** #ifndef   __RESTRICT
 114:Drivers/CMSIS/Include/cmsis_gcc.h ****   #define __RESTRICT                             __restrict
 115:Drivers/CMSIS/Include/cmsis_gcc.h **** #endif
 116:Drivers/CMSIS/Include/cmsis_gcc.h **** 
 117:Drivers/CMSIS/Include/cmsis_gcc.h **** 
 118:Drivers/CMSIS/Include/cmsis_gcc.h **** /* ###########################  Core Function Access  ########################### */
 119:Drivers/CMSIS/Include/cmsis_gcc.h **** /** \ingroup  CMSIS_Core_FunctionInterface
 120:Drivers/CMSIS/Include/cmsis_gcc.h ****     \defgroup CMSIS_Core_RegAccFunctions CMSIS Core Register Access Functions
 121:Drivers/CMSIS/Include/cmsis_gcc.h ****   @{
 122:Drivers/CMSIS/Include/cmsis_gcc.h ****  */
 123:Drivers/CMSIS/Include/cmsis_gcc.h **** 
 124:Drivers/CMSIS/Include/cmsis_gcc.h **** /**
 125:Drivers/CMSIS/Include/cmsis_gcc.h ****   \brief   Enable IRQ Interrupts
 126:Drivers/CMSIS/Include/cmsis_gcc.h ****   \details Enables IRQ interrupts by clearing the I-bit in the CPSR.
 127:Drivers/CMSIS/Include/cmsis_gcc.h ****            Can only be executed in Privileged modes.
 128:Drivers/CMSIS/Include/cmsis_gcc.h ****  */
 129:Drivers/CMSIS/Include/cmsis_gcc.h **** __STATIC_FORCEINLINE void __enable_irq(void)
 130:Drivers/CMSIS/Include/cmsis_gcc.h **** {
 131:Drivers/CMSIS/Include/cmsis_gcc.h ****   __ASM volatile ("cpsie i" : : : "memory");
 132:Drivers/CMSIS/Include/cmsis_gcc.h **** }
 133:Drivers/CMSIS/Include/cmsis_gcc.h **** 
 134:Drivers/CMSIS/Include/cmsis_gcc.h **** 
 135:Drivers/CMSIS/Include/cmsis_gcc.h **** /**
 136:Drivers/CMSIS/Include/cmsis_gcc.h ****   \brief   Disable IRQ Interrupts
 137:Drivers/CMSIS/Include/cmsis_gcc.h ****   \details Disables IRQ interrupts by setting the I-bit in the CPSR.
 138:Drivers/CMSIS/Include/cmsis_gcc.h ****            Can only be executed in Privileged modes.
 139:Drivers/CMSIS/Include/cmsis_gcc.h ****  */
 140:Drivers/CMSIS/Include/cmsis_gcc.h **** __STATIC_FORCEINLINE void __disable_irq(void)
  40              		.loc 2 140 27 view .LVU2
  41              	.LBB5:
 141:Drivers/CMSIS/Include/cmsis_gcc.h **** {
 142:Drivers/CMSIS/Include/cmsis_gcc.h ****   __ASM volatile ("cpsid i" : : : "memory");
  42              		.loc 2 142 3 view .LVU3
  43              		.syntax unified
ARM GAS  C:\Users\Johan\AppData\Local\Temp\cc25Ye7j.s 			page 7


  44              	@ 142 "Drivers/CMSIS/Include/cmsis_gcc.h" 1
  45 0000 72B6     		cpsid i
  46              	@ 0 "" 2
  47              		.thumb
  48              		.syntax unified
  49              	.L2:
  50              	.LBE5:
  51              	.LBE4:
 159:Core/Src/main.cpp ****     while (1)
  52              		.loc 1 159 5 discriminator 1 view .LVU4
  53              		.loc 1 159 5 discriminator 1 view .LVU5
  54 0002 FEE7     		b	.L2
  55              		.cfi_endproc
  56              	.LFE132:
  57              		.cantunwind
  58              		.fnend
  60              		.section	.text._Z18SystemClock_Configv,"ax",%progbits
  61              		.align	1
  62              		.global	_Z18SystemClock_Configv
  63              		.syntax unified
  64              		.thumb
  65              		.thumb_func
  66              		.fpu fpv4-sp-d16
  68              	_Z18SystemClock_Configv:
  69              		.fnstart
  70              	.LFB131:
 108:Core/Src/main.cpp ****     RCC_OscInitTypeDef RCC_OscInitStruct = { 0 };
  71              		.loc 1 108 1 view -0
  72              		.cfi_startproc
  73              		@ args = 0, pretend = 0, frame = 80
  74              		@ frame_needed = 0, uses_anonymous_args = 0
  75 0000 00B5     		push	{lr}
  76              		.save {lr}
  77              	.LCFI0:
  78              		.cfi_def_cfa_offset 4
  79              		.cfi_offset 14, -4
  80              		.pad #84
  81 0002 95B0     		sub	sp, sp, #84
  82              	.LCFI1:
  83              		.cfi_def_cfa_offset 88
 109:Core/Src/main.cpp ****     RCC_ClkInitTypeDef RCC_ClkInitStruct = { 0 };
  84              		.loc 1 109 5 view .LVU7
 109:Core/Src/main.cpp ****     RCC_ClkInitTypeDef RCC_ClkInitStruct = { 0 };
  85              		.loc 1 109 24 is_stmt 0 view .LVU8
  86 0004 3022     		movs	r2, #48
  87 0006 0021     		movs	r1, #0
  88 0008 08A8     		add	r0, sp, #32
  89 000a FFF7FEFF 		bl	memset
  90              	.LVL0:
 110:Core/Src/main.cpp **** 
  91              		.loc 1 110 5 is_stmt 1 view .LVU9
 110:Core/Src/main.cpp **** 
  92              		.loc 1 110 24 is_stmt 0 view .LVU10
  93 000e 0023     		movs	r3, #0
  94 0010 0393     		str	r3, [sp, #12]
  95 0012 0493     		str	r3, [sp, #16]
  96 0014 0593     		str	r3, [sp, #20]
ARM GAS  C:\Users\Johan\AppData\Local\Temp\cc25Ye7j.s 			page 8


  97 0016 0693     		str	r3, [sp, #24]
  98 0018 0793     		str	r3, [sp, #28]
 114:Core/Src/main.cpp ****     __HAL_PWR_VOLTAGESCALING_CONFIG(PWR_REGULATOR_VOLTAGE_SCALE1);
  99              		.loc 1 114 5 is_stmt 1 view .LVU11
 100              	.LBB6:
 114:Core/Src/main.cpp ****     __HAL_PWR_VOLTAGESCALING_CONFIG(PWR_REGULATOR_VOLTAGE_SCALE1);
 101              		.loc 1 114 5 view .LVU12
 102 001a 0193     		str	r3, [sp, #4]
 114:Core/Src/main.cpp ****     __HAL_PWR_VOLTAGESCALING_CONFIG(PWR_REGULATOR_VOLTAGE_SCALE1);
 103              		.loc 1 114 5 view .LVU13
 104 001c 204A     		ldr	r2, .L9
 105 001e 116C     		ldr	r1, [r2, #64]
 106 0020 41F08051 		orr	r1, r1, #268435456
 107 0024 1164     		str	r1, [r2, #64]
 114:Core/Src/main.cpp ****     __HAL_PWR_VOLTAGESCALING_CONFIG(PWR_REGULATOR_VOLTAGE_SCALE1);
 108              		.loc 1 114 5 view .LVU14
 109 0026 126C     		ldr	r2, [r2, #64]
 110 0028 02F08052 		and	r2, r2, #268435456
 111 002c 0192     		str	r2, [sp, #4]
 114:Core/Src/main.cpp ****     __HAL_PWR_VOLTAGESCALING_CONFIG(PWR_REGULATOR_VOLTAGE_SCALE1);
 112              		.loc 1 114 5 view .LVU15
 113 002e 019A     		ldr	r2, [sp, #4]
 114              	.LBE6:
 115:Core/Src/main.cpp ****     /** Initializes the RCC Oscillators according to the specified parameters
 115              		.loc 1 115 5 view .LVU16
 116              	.LBB7:
 115:Core/Src/main.cpp ****     /** Initializes the RCC Oscillators according to the specified parameters
 117              		.loc 1 115 5 view .LVU17
 118 0030 0293     		str	r3, [sp, #8]
 115:Core/Src/main.cpp ****     /** Initializes the RCC Oscillators according to the specified parameters
 119              		.loc 1 115 5 view .LVU18
 120 0032 1C4B     		ldr	r3, .L9+4
 121 0034 1A68     		ldr	r2, [r3]
 122 0036 42F48042 		orr	r2, r2, #16384
 123 003a 1A60     		str	r2, [r3]
 115:Core/Src/main.cpp ****     /** Initializes the RCC Oscillators according to the specified parameters
 124              		.loc 1 115 5 view .LVU19
 125 003c 1B68     		ldr	r3, [r3]
 126 003e 03F48043 		and	r3, r3, #16384
 127 0042 0293     		str	r3, [sp, #8]
 115:Core/Src/main.cpp ****     /** Initializes the RCC Oscillators according to the specified parameters
 128              		.loc 1 115 5 view .LVU20
 129 0044 029B     		ldr	r3, [sp, #8]
 130              	.LBE7:
 119:Core/Src/main.cpp ****     RCC_OscInitStruct.HSEState = RCC_HSE_ON;
 131              		.loc 1 119 5 view .LVU21
 119:Core/Src/main.cpp ****     RCC_OscInitStruct.HSEState = RCC_HSE_ON;
 132              		.loc 1 119 38 is_stmt 0 view .LVU22
 133 0046 0123     		movs	r3, #1
 134 0048 0893     		str	r3, [sp, #32]
 120:Core/Src/main.cpp ****     RCC_OscInitStruct.PLL.PLLState = RCC_PLL_ON;
 135              		.loc 1 120 5 is_stmt 1 view .LVU23
 120:Core/Src/main.cpp ****     RCC_OscInitStruct.PLL.PLLState = RCC_PLL_ON;
 136              		.loc 1 120 32 is_stmt 0 view .LVU24
 137 004a 4FF48033 		mov	r3, #65536
 138 004e 0993     		str	r3, [sp, #36]
 121:Core/Src/main.cpp ****     RCC_OscInitStruct.PLL.PLLSource = RCC_PLLSOURCE_HSE;
ARM GAS  C:\Users\Johan\AppData\Local\Temp\cc25Ye7j.s 			page 9


 139              		.loc 1 121 5 is_stmt 1 view .LVU25
 121:Core/Src/main.cpp ****     RCC_OscInitStruct.PLL.PLLSource = RCC_PLLSOURCE_HSE;
 140              		.loc 1 121 36 is_stmt 0 view .LVU26
 141 0050 0223     		movs	r3, #2
 142 0052 0E93     		str	r3, [sp, #56]
 122:Core/Src/main.cpp ****     RCC_OscInitStruct.PLL.PLLM = 8;
 143              		.loc 1 122 5 is_stmt 1 view .LVU27
 122:Core/Src/main.cpp ****     RCC_OscInitStruct.PLL.PLLM = 8;
 144              		.loc 1 122 37 is_stmt 0 view .LVU28
 145 0054 4FF48002 		mov	r2, #4194304
 146 0058 0F92     		str	r2, [sp, #60]
 123:Core/Src/main.cpp ****     RCC_OscInitStruct.PLL.PLLN = 168;
 147              		.loc 1 123 5 is_stmt 1 view .LVU29
 123:Core/Src/main.cpp ****     RCC_OscInitStruct.PLL.PLLN = 168;
 148              		.loc 1 123 32 is_stmt 0 view .LVU30
 149 005a 0822     		movs	r2, #8
 150 005c 1092     		str	r2, [sp, #64]
 124:Core/Src/main.cpp ****     RCC_OscInitStruct.PLL.PLLP = RCC_PLLP_DIV2;
 151              		.loc 1 124 5 is_stmt 1 view .LVU31
 124:Core/Src/main.cpp ****     RCC_OscInitStruct.PLL.PLLP = RCC_PLLP_DIV2;
 152              		.loc 1 124 32 is_stmt 0 view .LVU32
 153 005e A822     		movs	r2, #168
 154 0060 1192     		str	r2, [sp, #68]
 125:Core/Src/main.cpp ****     RCC_OscInitStruct.PLL.PLLQ = 4;
 155              		.loc 1 125 5 is_stmt 1 view .LVU33
 125:Core/Src/main.cpp ****     RCC_OscInitStruct.PLL.PLLQ = 4;
 156              		.loc 1 125 32 is_stmt 0 view .LVU34
 157 0062 1293     		str	r3, [sp, #72]
 126:Core/Src/main.cpp ****     if (HAL_RCC_OscConfig(&RCC_OscInitStruct) != HAL_OK)
 158              		.loc 1 126 5 is_stmt 1 view .LVU35
 126:Core/Src/main.cpp ****     if (HAL_RCC_OscConfig(&RCC_OscInitStruct) != HAL_OK)
 159              		.loc 1 126 32 is_stmt 0 view .LVU36
 160 0064 0423     		movs	r3, #4
 161 0066 1393     		str	r3, [sp, #76]
 127:Core/Src/main.cpp ****     {
 162              		.loc 1 127 5 is_stmt 1 view .LVU37
 127:Core/Src/main.cpp ****     {
 163              		.loc 1 127 26 is_stmt 0 view .LVU38
 164 0068 08A8     		add	r0, sp, #32
 165 006a FFF7FEFF 		bl	HAL_RCC_OscConfig
 166              	.LVL1:
 127:Core/Src/main.cpp ****     {
 167              		.loc 1 127 5 view .LVU39
 168 006e 98B9     		cbnz	r0, .L7
 133:Core/Src/main.cpp ****         | RCC_CLOCKTYPE_PCLK1 | RCC_CLOCKTYPE_PCLK2;
 169              		.loc 1 133 5 is_stmt 1 view .LVU40
 133:Core/Src/main.cpp ****         | RCC_CLOCKTYPE_PCLK1 | RCC_CLOCKTYPE_PCLK2;
 170              		.loc 1 133 33 is_stmt 0 view .LVU41
 171 0070 0F23     		movs	r3, #15
 172 0072 0393     		str	r3, [sp, #12]
 135:Core/Src/main.cpp ****     RCC_ClkInitStruct.AHBCLKDivider = RCC_SYSCLK_DIV1;
 173              		.loc 1 135 5 is_stmt 1 view .LVU42
 135:Core/Src/main.cpp ****     RCC_ClkInitStruct.AHBCLKDivider = RCC_SYSCLK_DIV1;
 174              		.loc 1 135 36 is_stmt 0 view .LVU43
 175 0074 0223     		movs	r3, #2
 176 0076 0493     		str	r3, [sp, #16]
 136:Core/Src/main.cpp ****     RCC_ClkInitStruct.APB1CLKDivider = RCC_HCLK_DIV4;
ARM GAS  C:\Users\Johan\AppData\Local\Temp\cc25Ye7j.s 			page 10


 177              		.loc 1 136 5 is_stmt 1 view .LVU44
 136:Core/Src/main.cpp ****     RCC_ClkInitStruct.APB1CLKDivider = RCC_HCLK_DIV4;
 178              		.loc 1 136 37 is_stmt 0 view .LVU45
 179 0078 0023     		movs	r3, #0
 180 007a 0593     		str	r3, [sp, #20]
 137:Core/Src/main.cpp ****     RCC_ClkInitStruct.APB2CLKDivider = RCC_HCLK_DIV2;
 181              		.loc 1 137 5 is_stmt 1 view .LVU46
 137:Core/Src/main.cpp ****     RCC_ClkInitStruct.APB2CLKDivider = RCC_HCLK_DIV2;
 182              		.loc 1 137 38 is_stmt 0 view .LVU47
 183 007c 4FF4A053 		mov	r3, #5120
 184 0080 0693     		str	r3, [sp, #24]
 138:Core/Src/main.cpp **** 
 185              		.loc 1 138 5 is_stmt 1 view .LVU48
 138:Core/Src/main.cpp **** 
 186              		.loc 1 138 38 is_stmt 0 view .LVU49
 187 0082 4FF48053 		mov	r3, #4096
 188 0086 0793     		str	r3, [sp, #28]
 140:Core/Src/main.cpp ****     {
 189              		.loc 1 140 5 is_stmt 1 view .LVU50
 140:Core/Src/main.cpp ****     {
 190              		.loc 1 140 28 is_stmt 0 view .LVU51
 191 0088 0521     		movs	r1, #5
 192 008a 03A8     		add	r0, sp, #12
 193 008c FFF7FEFF 		bl	HAL_RCC_ClockConfig
 194              	.LVL2:
 140:Core/Src/main.cpp ****     {
 195              		.loc 1 140 5 view .LVU52
 196 0090 20B9     		cbnz	r0, .L8
 144:Core/Src/main.cpp **** 
 197              		.loc 1 144 1 view .LVU53
 198 0092 15B0     		add	sp, sp, #84
 199              	.LCFI2:
 200              		.cfi_remember_state
 201              		.cfi_def_cfa_offset 4
 202              		@ sp needed
 203 0094 5DF804FB 		ldr	pc, [sp], #4
 204              	.L7:
 205              	.LCFI3:
 206              		.cfi_restore_state
 129:Core/Src/main.cpp ****     }
 207              		.loc 1 129 9 is_stmt 1 view .LVU54
 129:Core/Src/main.cpp ****     }
 208              		.loc 1 129 22 is_stmt 0 view .LVU55
 209 0098 FFF7FEFF 		bl	Error_Handler
 210              	.LVL3:
 211              	.L8:
 142:Core/Src/main.cpp ****     }
 212              		.loc 1 142 9 is_stmt 1 view .LVU56
 142:Core/Src/main.cpp ****     }
 213              		.loc 1 142 22 is_stmt 0 view .LVU57
 214 009c FFF7FEFF 		bl	Error_Handler
 215              	.LVL4:
 216              	.L10:
 217              		.align	2
 218              	.L9:
 219 00a0 00380240 		.word	1073887232
 220 00a4 00700040 		.word	1073770496
ARM GAS  C:\Users\Johan\AppData\Local\Temp\cc25Ye7j.s 			page 11


 221              		.cfi_endproc
 222              	.LFE131:
 223              		.fnend
 225              		.section	.text.main,"ax",%progbits
 226              		.align	1
 227              		.global	main
 228              		.syntax unified
 229              		.thumb
 230              		.thumb_func
 231              		.fpu fpv4-sp-d16
 233              	main:
 234              		.fnstart
 235              	.LFB130:
  65:Core/Src/main.cpp ****     /* USER CODE BEGIN 1 */
 236              		.loc 1 65 1 is_stmt 1 view -0
 237              		.cfi_startproc
 238              		@ args = 0, pretend = 0, frame = 0
 239              		@ frame_needed = 0, uses_anonymous_args = 0
 240 0000 08B5     		push	{r3, lr}
 241              		.save {r3, lr}
 242              	.LCFI4:
 243              		.cfi_def_cfa_offset 8
 244              		.cfi_offset 3, -8
 245              		.cfi_offset 14, -4
  73:Core/Src/main.cpp **** 
 246              		.loc 1 73 5 view .LVU59
  73:Core/Src/main.cpp **** 
 247              		.loc 1 73 13 is_stmt 0 view .LVU60
 248 0002 FFF7FEFF 		bl	HAL_Init
 249              	.LVL5:
  80:Core/Src/main.cpp **** 
 250              		.loc 1 80 5 is_stmt 1 view .LVU61
  80:Core/Src/main.cpp **** 
 251              		.loc 1 80 23 is_stmt 0 view .LVU62
 252 0006 FFF7FEFF 		bl	_Z18SystemClock_Configv
 253              	.LVL6:
  87:Core/Src/main.cpp ****     /* USER CODE BEGIN 2 */
 254              		.loc 1 87 5 is_stmt 1 view .LVU63
  87:Core/Src/main.cpp ****     /* USER CODE BEGIN 2 */
 255              		.loc 1 87 17 is_stmt 0 view .LVU64
 256 000a FFF7FEFF 		bl	MX_GPIO_Init
 257              	.LVL7:
 258              	.L12:
  94:Core/Src/main.cpp ****     {
 259              		.loc 1 94 5 is_stmt 1 discriminator 1 view .LVU65
  94:Core/Src/main.cpp ****     {
 260              		.loc 1 94 5 discriminator 1 view .LVU66
 261 000e FEE7     		b	.L12
 262              		.cfi_endproc
 263              	.LFE130:
 264              		.fnend
 266              		.text
 267              	.Letext0:
 268              		.file 3 "c:\\dev\\embedded\\arm_toolchain\\gcc-arm-none-eabi-10.3-2021.07\\arm-none-eabi\\include\
 269              		.file 4 "c:\\dev\\embedded\\arm_toolchain\\gcc-arm-none-eabi-10.3-2021.07\\arm-none-eabi\\include\
 270              		.file 5 "Drivers/CMSIS/Device/ST/STM32F4xx/Include/stm32f417xx.h"
 271              		.file 6 "Drivers/STM32F4xx_HAL_Driver/Inc/stm32f4xx_hal_def.h"
ARM GAS  C:\Users\Johan\AppData\Local\Temp\cc25Ye7j.s 			page 12


 272              		.file 7 "Drivers/STM32F4xx_HAL_Driver/Inc/stm32f4xx_hal_rcc_ex.h"
 273              		.file 8 "Drivers/STM32F4xx_HAL_Driver/Inc/stm32f4xx_hal_rcc.h"
 274              		.file 9 "Drivers/STM32F4xx_HAL_Driver/Inc/stm32f4xx_hal.h"
 275              		.file 10 "Core/Inc/gpio.h"
ARM GAS  C:\Users\Johan\AppData\Local\Temp\cc25Ye7j.s 			page 13


DEFINED SYMBOLS
                            *ABS*:00000000 main.cpp
C:\Users\Johan\AppData\Local\Temp\cc25Ye7j.s:18     .text.Error_Handler:00000000 $t
C:\Users\Johan\AppData\Local\Temp\cc25Ye7j.s:26     .text.Error_Handler:00000000 Error_Handler
    .ARM.exidx.text.Error_Handler:00000000 $d
C:\Users\Johan\AppData\Local\Temp\cc25Ye7j.s:61     .text._Z18SystemClock_Configv:00000000 $t
C:\Users\Johan\AppData\Local\Temp\cc25Ye7j.s:68     .text._Z18SystemClock_Configv:00000000 _Z18SystemClock_Configv
C:\Users\Johan\AppData\Local\Temp\cc25Ye7j.s:219    .text._Z18SystemClock_Configv:000000a0 $d
.ARM.exidx.text._Z18SystemClock_Configv:00000000 $d
C:\Users\Johan\AppData\Local\Temp\cc25Ye7j.s:226    .text.main:00000000 $t
C:\Users\Johan\AppData\Local\Temp\cc25Ye7j.s:233    .text.main:00000000 main
             .ARM.extab.text.main:00000000 $d
             .ARM.exidx.text.main:00000000 $d

UNDEFINED SYMBOLS
memset
HAL_RCC_OscConfig
HAL_RCC_ClockConfig
__aeabi_unwind_cpp_pr0
HAL_Init
MX_GPIO_Init
__aeabi_unwind_cpp_pr1
